<?xml version="1.0" encoding="UTF-8"?>
<!-- Generated by org.testng.reporters.JUnitXMLReporter -->
<testsuite ignored="0" hostname="LPT1079" failures="0" tests="6" name="Default test" time="12.447" errors="0" timestamp="2026-06-15T15:54:39 IST">
  <testcase classname="api.test.DataDrivenTest" name="testPostuser" time="4.136"/>
  <testcase classname="api.test.DataDrivenTest" name="testPostuser" time="1.268"/>
  <testcase classname="api.test.DataDrivenTest" name="testPostuser" time="1.143"/>
  <testcase classname="api.test.DataDrivenTest" name="testDeleteUserByName" time="1.157"/>
  <testcase classname="api.test.DataDrivenTest" name="testDeleteUserByName" time="1.166"/>
  <testcase classname="api.test.DataDrivenTest" name="testDeleteUserByName" time="1.157"/>
</testsuite> <!-- Default test -->
