<?xml version="1.0" encoding="UTF-8"?>
<!-- Generated by org.testng.reporters.JUnitXMLReporter -->
<testsuite ignored="0" hostname="LPT1079" failures="0" tests="4" name="Test" time="9.291" errors="0" timestamp="2026-06-15T16:05:45 IST">
  <testcase classname="api.test.UserTests" name="testPostUser" time="4.369"/>
  <testcase classname="api.test.UserTests" name="testGetUserByName" time="1.045"/>
  <testcase classname="api.test.UserTests" name="testUpdateUserByName" time="2.015"/>
  <testcase classname="api.test.UserTests" name="testDeleteUserByName" time="1.023"/>
</testsuite> <!-- Test -->
