<?xml version="1.0" encoding="UTF-8"?>
<!-- Generated by org.testng.reporters.JUnitXMLReporter -->
<testsuite ignored="0" hostname="LPT1079" failures="0" tests="4" name="Test" time="8.466" errors="0" timestamp="2026-06-16T08:44:54 IST">
  <testcase classname="APIChaining.CreateUser" name="createUser" time="4.861"/>
  <testcase classname="APIChaining.GetUser" name="getUser" time="2.362"/>
  <testcase classname="APIChaining.UpdateUser" name="updateUser" time="0.483"/>
  <testcase classname="APIChaining.DeleteUser" name="deleteUser" time="0.387"/>
</testsuite> <!-- Test -->
