<?xml version="1.0" encoding="UTF-8"?>
<testng-results ignored="0" total="4" passed="4" failed="0" skipped="0">
  <reporter-output>
  </reporter-output>
  <suite started-at="2026-06-16T08:44:45 IST" name="Suite" finished-at="2026-06-16T08:44:54 IST" duration-ms="8466">
    <groups>
    </groups>
    <test started-at="2026-06-16T08:44:45 IST" name="Test" finished-at="2026-06-16T08:44:54 IST" duration-ms="8466">
      <class name="APIChaining.GetUser">
        <test-method signature="getUser(org.testng.ITestContext)[pri:0, instance:APIChaining.GetUser@23f7d05d]" started-at="2026-06-16T08:44:51 IST" name="getUser" finished-at="2026-06-16T08:44:53 IST" duration-ms="2362" status="PASS">
          <params>
            <param index="0">
              <value>
                <![CDATA[org.testng.TestRunner@2b30a42c]]>
              </value>
            </param>
          </params>
          <reporter-output>
          </reporter-output>
        </test-method> <!-- getUser -->
      </class> <!-- APIChaining.GetUser -->
      <class name="APIChaining.UpdateUser">
        <test-method signature="updateUser(org.testng.ITestContext)[pri:0, instance:APIChaining.UpdateUser@1e730495]" started-at="2026-06-16T08:44:53 IST" name="updateUser" finished-at="2026-06-16T08:44:54 IST" duration-ms="483" status="PASS">
          <params>
            <param index="0">
              <value>
                <![CDATA[org.testng.TestRunner@2b30a42c]]>
              </value>
            </param>
          </params>
          <reporter-output>
          </reporter-output>
        </test-method> <!-- updateUser -->
      </class> <!-- APIChaining.UpdateUser -->
      <class name="APIChaining.DeleteUser">
        <test-method signature="deleteUser(org.testng.ITestContext)[pri:0, instance:APIChaining.DeleteUser@7d3a22a9]" started-at="2026-06-16T08:44:54 IST" name="deleteUser" finished-at="2026-06-16T08:44:54 IST" duration-ms="387" status="PASS">
          <params>
            <param index="0">
              <value>
                <![CDATA[org.testng.TestRunner@2b30a42c]]>
              </value>
            </param>
          </params>
          <reporter-output>
          </reporter-output>
        </test-method> <!-- deleteUser -->
      </class> <!-- APIChaining.DeleteUser -->
      <class name="APIChaining.CreateUser">
        <test-method signature="createUser(org.testng.ITestContext)[pri:0, instance:APIChaining.CreateUser@7fc2413d]" started-at="2026-06-16T08:44:46 IST" name="createUser" finished-at="2026-06-16T08:44:51 IST" duration-ms="4861" status="PASS">
          <params>
            <param index="0">
              <value>
                <![CDATA[org.testng.TestRunner@2b30a42c]]>
              </value>
            </param>
          </params>
          <reporter-output>
          </reporter-output>
        </test-method> <!-- createUser -->
      </class> <!-- APIChaining.CreateUser -->
    </test> <!-- Test -->
  </suite> <!-- Suite -->
</testng-results>
