<?xml version="1.0" encoding="UTF-8"?>
<testsuite xmlns:xsi="http://www.w3.org/2001/XMLSchema-instance" xsi:noNamespaceSchemaLocation="https://maven.apache.org/surefire/maven-surefire-plugin/xsd/surefire-test-report-3.0.xsd" version="3.0" name="TestSuite" time="9.569" tests="4" errors="0" skipped="0" failures="0">
  <properties>
[...]
</properties>
  <testcase name="createUser[org.testng.TestRunner@2b30a42c](1)" classname="APIChaining.CreateUser" time="4.864">
    <system-out><![CDATA[2026-06-16 08:44:47.106 [main] INFO  APIChaining.CreateUser - -----Create User-----
Generated id is: 8507017
2026-06-16 08:44:51.185 [main] INFO  APIChaining.CreateUser - -----User is created-----
]]></system-out>
    <system-err><![CDATA[SLF4J: Failed to load class "org.slf4j.impl.StaticLoggerBinder".
SLF4J: Defaulting to no-operation (NOP) logger implementation
SLF4J: See http://www.slf4j.org/codes.html#StaticLoggerBinder for further details.
]]></system-err>
  </testcase>
  <testcase name="getUser[org.testng.TestRunner@2b30a42c](1)" classname="APIChaining.GetUser" time="2.368">
    <system-out><![CDATA[HTTP/1.1 200 OK
Date: Tue, 16 Jun 2026 03:14:53 GMT
Content-Type: application/json; charset=utf-8
Transfer-Encoding: chunked
Connection: keep-alive
Cache-Control: max-age=0, private, must-revalidate
content-security-policy-report-only: default-src 'self'; script-src 'self' https://pagead2.googlesyndication.com 'nonce-YCzE9DsQhvk8pA56fBuAHQ=='; style-src 'self' 'unsafe-inline' https://fonts.googleapis.com; img-src 'self' data: https:; font-src 'self' https://fonts.gstatic.com; connect-src 'self' https://pagead2.googlesyndication.com https://ep1.adtrafficquality.google; frame-src https://googleads.g.doubleclick.net https://ep2.adtrafficquality.google https://www.google.com; object-src 'none'; frame-ancestors 'none'; base-uri 'self'; form-action 'self'
etag: W/"7615de0fc3160fd0bd246b5c6256df48"
feature-policy: camera 'none'; gyroscope 'none'; microphone 'none'; usb 'none'; fullscreen 'self'
referrer-policy: strict-origin-when-cross-origin
strict-transport-security: max-age=63072000; includeSubDomains
vary: Origin
x-content-type-options: nosniff
x-frame-options: SAMEORIGIN
x-permitted-cross-domain-policies: none
x-ratelimit-limit: 300
x-ratelimit-remaining: 299
x-ratelimit-reset: 0
x-request-id: 69fe1e4d-325f-41f9-9246-1a1e6fe2cba4
x-runtime: 0.024541
x-xss-protection: 0
Nel: {"report_to":"cf-nel","success_fraction":0.0,"max_age":604800}
cf-cache-status: DYNAMIC
Report-To: {"group":"cf-nel","max_age":604800,"endpoints":[{"url":"https://a.nel.cloudflare.com/report/v4?s=Z%2B3aHpRJtFYIcWsv%2BCp5mqhg7JfWUpwdBAh2PVbMjrwup89pqELnLH4tt6Y9Ppx60BAWVF1UPfYS0Z8AOWP%2BBFCkITypz8xy9jbpqQJeUb%2BjW54ZFtPoUtOnwwNbCh8%3D"}]}
Content-Encoding: gzip
Server: cloudflare
CF-RAY: a0c6a5991a6a23e2-DEL
alt-svc: h3=":443"; ma=86400

{
    "id": 8507017,
    "name": "Mrs. Mckinley Schmeler",
    "email": "trinidad.steuber@yahoo.com",
    "gender": "male",
    "status": "inactive"
}
]]></system-out>
  </testcase>
  <testcase name="updateUser[org.testng.TestRunner@2b30a42c](1)" classname="APIChaining.UpdateUser" time="0.518">
    <system-out><![CDATA[HTTP/1.1 200 OK
Date: Tue, 16 Jun 2026 03:14:53 GMT
Content-Type: application/json; charset=utf-8
Transfer-Encoding: chunked
Connection: keep-alive
Cache-Control: max-age=0, private, must-revalidate
content-security-policy-report-only: default-src 'self'; script-src 'self' https://pagead2.googlesyndication.com 'nonce-Bkza2QUMY8Y2goshEJhLKA=='; style-src 'self' 'unsafe-inline' https://fonts.googleapis.com; img-src 'self' data: https:; font-src 'self' https://fonts.gstatic.com; connect-src 'self' https://pagead2.googlesyndication.com https://ep1.adtrafficquality.google; frame-src https://googleads.g.doubleclick.net https://ep2.adtrafficquality.google https://www.google.com; object-src 'none'; frame-ancestors 'none'; base-uri 'self'; form-action 'self'
etag: W/"cb4a7dc5c2ef3dfd0586077e4748f489"
feature-policy: camera 'none'; gyroscope 'none'; microphone 'none'; usb 'none'; fullscreen 'self'
referrer-policy: strict-origin-when-cross-origin
strict-transport-security: max-age=63072000; includeSubDomains
vary: Origin
x-content-type-options: nosniff
x-frame-options: SAMEORIGIN
x-permitted-cross-domain-policies: none
x-ratelimit-limit: 300
x-ratelimit-remaining: 299
x-ratelimit-reset: 0
x-request-id: db343987-b757-4f95-b232-daadbb069927
x-runtime: 0.046441
x-xss-protection: 0
Nel: {"report_to":"cf-nel","success_fraction":0.0,"max_age":604800}
cf-cache-status: DYNAMIC
Report-To: {"group":"cf-nel","max_age":604800,"endpoints":[{"url":"https://a.nel.cloudflare.com/report/v4?s=ax%2FzLfnU0oYQIIj0N4Y6nWEfWfu4lMDzT8Of%2BKWldRpTABg%2BOo43XOabgoNU%2BfMZqubXtDRo6GFbQ0zf6gu5lUgNfcxwxHkAplF4NAjVHtt9zCqWwvio%2BTcrqyzlp%2BE%3D"}]}
Content-Encoding: gzip
Server: cloudflare
CF-RAY: a0c6a59c0f340d14-DEL
alt-svc: h3=":443"; ma=86400

{
    "id": 8507017,
    "name": "Tatum Fay",
    "email": "belia.dickinson@hotmail.com",
    "gender": "male",
    "status": "active"
}
]]></system-out>
  </testcase>
  <testcase name="deleteUser[org.testng.TestRunner@2b30a42c](1)" classname="APIChaining.DeleteUser" time="0.363">
    <system-out><![CDATA[HTTP/1.1 204 No Content
Date: Tue, 16 Jun 2026 03:14:54 GMT
Connection: keep-alive
Cache-Control: no-cache
content-security-policy-report-only: default-src 'self'; script-src 'self' https://pagead2.googlesyndication.com 'nonce-eow4ogwBbGAxct1JM1Q1rA=='; style-src 'self' 'unsafe-inline' https://fonts.googleapis.com; img-src 'self' data: https:; font-src 'self' https://fonts.gstatic.com; connect-src 'self' https://pagead2.googlesyndication.com https://ep1.adtrafficquality.google; frame-src https://googleads.g.doubleclick.net https://ep2.adtrafficquality.google https://www.google.com; object-src 'none'; frame-ancestors 'none'; base-uri 'self'; form-action 'self'
feature-policy: camera 'none'; gyroscope 'none'; microphone 'none'; usb 'none'; fullscreen 'self'
referrer-policy: strict-origin-when-cross-origin
strict-transport-security: max-age=63072000; includeSubDomains
vary: Origin
x-content-type-options: nosniff
x-frame-options: SAMEORIGIN
x-permitted-cross-domain-policies: none
x-ratelimit-limit: 300
x-ratelimit-remaining: 299
x-ratelimit-reset: 0
x-request-id: 5185f467-110f-4495-97a7-f55d686b2096
x-runtime: 0.081802
x-xss-protection: 0
cf-cache-status: DYNAMIC
Nel: {"report_to":"cf-nel","success_fraction":0.0,"max_age":604800}
Report-To: {"group":"cf-nel","max_age":604800,"endpoints":[{"url":"https://a.nel.cloudflare.com/report/v4?s=T%2BOp7j%2F0J%2BJNnCDF67kDaN9oZJxXgEiDz%2FpWKdPeDHeQ48SLIoMQL0hsnRgl7uIyM055MBPFR44Q40n6BGnxGFCFdFfdjLCfyVjlImQ52G0sFKksUN3gkgGDFfwWDBg%3D"}]}
Server: cloudflare
CF-RAY: a0c6a59ebcff74de-DEL
alt-svc: h3=":443"; ma=86400
]]></system-out>
  </testcase>
</testsuite>