<?xml version="1.0" encoding="UTF-8"?>
<!-- Generated by org.testng.reporters.JUnitReportReporter -->
<testsuite hostname="LPT1079" failures="0" tests="4" name="CRUD.PostRequest" time="6.815" errors="0" timestamp="2026-06-02T15:46:40 IST" skipped="0">
  <testcase classname="CRUD.PostRequest" name="postRequestUsingJSONObject" time="0.493"/>
  <testcase classname="CRUD.PostRequest" name="postRequestUsingJSONFile" time="0.522"/>
  <testcase classname="CRUD.PostRequest" name="postRequestUsingPOJO" time="0.582"/>
  <testcase classname="CRUD.PostRequest" name="postRequestUsingHashMap" time="5.218"/>
</testsuite> <!-- CRUD.PostRequest -->
