<?xml version="1.0" encoding="UTF-8"?>
<!-- Generated by org.testng.reporters.JUnitReportReporter -->
<testsuite hostname="LPT1079" failures="0" tests="6" name="api.test.DataDrivenTest" time="11.582" errors="0" timestamp="2026-06-15T16:04:38 IST" skipped="0">
  <testcase classname="api.test.DataDrivenTest" name="testPostuser" time="1.150"/>
  <testcase classname="api.test.DataDrivenTest" name="testPostuser" time="1.175"/>
  <testcase classname="api.test.DataDrivenTest" name="testPostuser" time="4.205"/>
  <testcase classname="api.test.DataDrivenTest" name="testDeleteUserByName" time="2.763"/>
  <testcase classname="api.test.DataDrivenTest" name="testDeleteUserByName" time="1.158"/>
  <testcase classname="api.test.DataDrivenTest" name="testDeleteUserByName" time="1.131"/>
</testsuite> <!-- api.test.DataDrivenTest -->
